[2021-04-29 10:10:27][info][info]:[===== Begin at 2021-04-29 10:10:27 =====]
[2021-04-29 10:10:27][info][info]:[param = Array
(
)
]
[2021-04-29 10:10:27][info][info]:[param = Array
(
)
]
[2021-04-29 10:10:27][info][info]:[===== End at 2021-04-29 10:10:27 =====]
[2021-04-29 10:10:28][info][info]:[===== Begin at 2021-04-29 10:10:28 =====]
[2021-04-29 10:10:28][info][info]:[param = Array
(
)
]
[2021-04-29 10:10:28][info][info]:[param = Array
(
)
]
[2021-04-29 10:10:28][info][info]:[===== End at 2021-04-29 10:10:28 =====]
[2021-04-29 10:10:29][info][info]:[===== Begin at 2021-04-29 10:10:29 =====]
[2021-04-29 10:10:29][info][info]:[param = Array
(
)
]
[2021-04-29 10:10:29][info][info]:[param = Array
(
)
]
[2021-04-29 10:10:29][info][info]:[===== End at 2021-04-29 10:10:29 =====]
[2021-04-29 10:10:30][info][info]:[===== Begin at 2021-04-29 10:10:30 =====]
[2021-04-29 10:10:30][info][info]:[param = Array
(
)
]
[2021-04-29 10:10:30][info][info]:[param = Array
(
)
]
[2021-04-29 10:10:30][info][info]:[===== End at 2021-04-29 10:10:30 =====]
[2021-04-29 10:10:31][info][info]:[===== Begin at 2021-04-29 10:10:31 =====]
[2021-04-29 10:10:31][info][info]:[param = Array
(
)
]
[2021-04-29 10:10:31][info][info]:[param = Array
(
)
]
[2021-04-29 10:10:31][info][info]:[===== End at 2021-04-29 10:10:31 =====]
[2021-04-29 10:10:32][info][info]:[===== Begin at 2021-04-29 10:10:32 =====]
[2021-04-29 10:10:32][info][info]:[param = Array
(
)
]
[2021-04-29 10:10:32][info][info]:[param = Array
(
)
]
[2021-04-29 10:10:32][info][info]:[===== End at 2021-04-29 10:10:32 =====]
[2021-04-29 10:10:33][info][info]:[===== Begin at 2021-04-29 10:10:33 =====]
[2021-04-29 10:10:33][info][info]:[param = Array
(
)
]
[2021-04-29 10:10:33][info][info]:[param = Array
(
)
]
[2021-04-29 10:10:33][info][info]:[===== End at 2021-04-29 10:10:33 =====]
[2021-04-29 10:10:33][info][info]:[===== Begin at 2021-04-29 10:10:33 =====]
[2021-04-29 10:10:33][info][info]:[param = Array
(
)
]
[2021-04-29 10:10:33][info][info]:[param = Array
(
)
]
[2021-04-29 10:10:33][info][info]:[===== End at 2021-04-29 10:10:33 =====]
[2021-04-29 10:10:34][info][info]:[===== Begin at 2021-04-29 10:10:34 =====]
[2021-04-29 10:10:34][info][info]:[param = Array
(
)
]
[2021-04-29 10:10:34][info][info]:[param = Array
(
)
]
[2021-04-29 10:10:34][info][info]:[===== End at 2021-04-29 10:10:34 =====]
[2021-04-29 10:15:00][info][info]:[===== Begin at 2021-04-29 10:15:00 =====]
[2021-04-29 10:15:00][info][info]:[param = Array
(
)
]
[2021-04-29 10:15:00][info][info]:[param = Array
(
)
]
[2021-04-29 10:15:00][info][info]:[===== End at 2021-04-29 10:15:00 =====]
[2021-04-29 10:15:01][info][info]:[===== Begin at 2021-04-29 10:15:01 =====]
[2021-04-29 10:15:01][info][info]:[param = Array
(
)
]
[2021-04-29 10:15:01][info][info]:[param = Array
(
)
]
[2021-04-29 10:15:01][info][info]:[===== End at 2021-04-29 10:15:01 =====]
[2021-04-29 10:15:02][info][info]:[===== Begin at 2021-04-29 10:15:02 =====]
[2021-04-29 10:15:02][info][info]:[param = Array
(
)
]
[2021-04-29 10:15:02][info][info]:[param = Array
(
)
]
[2021-04-29 10:15:02][info][info]:[===== End at 2021-04-29 10:15:02 =====]
[2021-04-29 10:15:03][info][info]:[===== Begin at 2021-04-29 10:15:03 =====]
[2021-04-29 10:15:03][info][info]:[param = Array
(
)
]
[2021-04-29 10:15:03][info][info]:[param = Array
(
)
]
[2021-04-29 10:15:03][info][info]:[===== End at 2021-04-29 10:15:03 =====]
[2021-04-29 10:15:04][info][info]:[===== Begin at 2021-04-29 10:15:04 =====]
[2021-04-29 10:15:04][info][info]:[param = Array
(
)
]
[2021-04-29 10:15:04][info][info]:[param = Array
(
)
]
[2021-04-29 10:15:04][info][info]:[===== End at 2021-04-29 10:15:04 =====]
[2021-04-29 10:15:05][info][info]:[===== Begin at 2021-04-29 10:15:05 =====]
[2021-04-29 10:15:05][info][info]:[param = Array
(
)
]
[2021-04-29 10:15:05][info][info]:[param = Array
(
)
]
[2021-04-29 10:15:05][info][info]:[===== End at 2021-04-29 10:15:05 =====]
[2021-04-29 10:15:06][info][info]:[===== Begin at 2021-04-29 10:15:06 =====]
[2021-04-29 10:15:06][info][info]:[param = Array
(
)
]
[2021-04-29 10:15:06][info][info]:[param = Array
(
)
]
[2021-04-29 10:15:06][info][info]:[===== End at 2021-04-29 10:15:06 =====]
[2021-04-29 10:15:07][info][info]:[===== Begin at 2021-04-29 10:15:07 =====]
[2021-04-29 10:15:07][info][info]:[param = Array
(
)
]
[2021-04-29 10:15:07][info][info]:[param = Array
(
)
]
[2021-04-29 10:15:07][info][info]:[===== End at 2021-04-29 10:15:07 =====]
[2021-04-29 10:15:08][info][info]:[===== Begin at 2021-04-29 10:15:08 =====]
[2021-04-29 10:15:08][info][info]:[param = Array
(
)
]
[2021-04-29 10:15:08][info][info]:[param = Array
(
)
]
[2021-04-29 10:15:08][info][info]:[===== End at 2021-04-29 10:15:08 =====]
[2021-04-29 10:15:09][info][info]:[===== Begin at 2021-04-29 10:15:09 =====]
[2021-04-29 10:15:09][info][info]:[param = Array
(
)
]
[2021-04-29 10:15:09][info][info]:[param = Array
(
)
]
[2021-04-29 10:15:09][info][info]:[===== End at 2021-04-29 10:15:09 =====]
[2021-04-29 10:15:10][info][info]:[===== Begin at 2021-04-29 10:15:10 =====]
[2021-04-29 10:15:10][info][info]:[param = Array
(
)
]
[2021-04-29 10:15:10][info][info]:[param = Array
(
)
]
[2021-04-29 10:15:10][info][info]:[===== End at 2021-04-29 10:15:10 =====]
[2021-04-29 10:15:11][info][info]:[===== Begin at 2021-04-29 10:15:11 =====]
[2021-04-29 10:15:11][info][info]:[param = Array
(
)
]
[2021-04-29 10:15:11][info][info]:[param = Array
(
)
]
[2021-04-29 10:15:11][info][info]:[===== End at 2021-04-29 10:15:11 =====]
[2021-04-29 10:15:12][info][info]:[===== Begin at 2021-04-29 10:15:12 =====]
[2021-04-29 10:15:12][info][info]:[param = Array
(
)
]
[2021-04-29 10:15:12][info][info]:[param = Array
(
)
]
[2021-04-29 10:15:12][info][info]:[===== End at 2021-04-29 10:15:12 =====]
[2021-04-29 10:15:13][info][info]:[===== Begin at 2021-04-29 10:15:13 =====]
[2021-04-29 10:15:13][info][info]:[param = Array
(
)
]
[2021-04-29 10:15:13][info][info]:[param = Array
(
)
]
[2021-04-29 10:15:13][info][info]:[===== End at 2021-04-29 10:15:13 =====]
[2021-04-29 10:15:14][info][info]:[===== Begin at 2021-04-29 10:15:14 =====]
[2021-04-29 10:15:14][info][info]:[param = Array
(
)
]
[2021-04-29 10:15:14][info][info]:[param = Array
(
)
]
[2021-04-29 10:15:14][info][info]:[===== End at 2021-04-29 10:15:14 =====]
[2021-04-29 10:15:15][info][info]:[===== Begin at 2021-04-29 10:15:15 =====]
[2021-04-29 10:15:15][info][info]:[param = Array
(
)
]
[2021-04-29 10:15:15][info][info]:[param = Array
(
)
]
[2021-04-29 10:15:15][info][info]:[===== End at 2021-04-29 10:15:15 =====]
[2021-04-29 10:15:16][info][info]:[===== Begin at 2021-04-29 10:15:16 =====]
[2021-04-29 10:15:16][info][info]:[param = Array
(
)
]
[2021-04-29 10:15:16][info][info]:[param = Array
(
)
]
[2021-04-29 10:15:16][info][info]:[===== End at 2021-04-29 10:15:16 =====]
[2021-04-29 10:15:17][info][info]:[===== Begin at 2021-04-29 10:15:17 =====]
[2021-04-29 10:15:17][info][info]:[param = Array
(
)
]
[2021-04-29 10:15:17][info][info]:[param = Array
(
)
]
[2021-04-29 10:15:17][info][info]:[===== End at 2021-04-29 10:15:17 =====]
[2021-04-29 10:15:18][info][info]:[===== Begin at 2021-04-29 10:15:18 =====]
[2021-04-29 10:15:18][info][info]:[param = Array
(
)
]
[2021-04-29 10:15:18][info][info]:[param = Array
(
)
]
[2021-04-29 10:15:18][info][info]:[===== End at 2021-04-29 10:15:18 =====]
[2021-04-29 10:15:19][info][info]:[===== Begin at 2021-04-29 10:15:19 =====]
[2021-04-29 10:15:19][info][info]:[param = Array
(
)
]
[2021-04-29 10:15:19][info][info]:[param = Array
(
)
]
[2021-04-29 10:15:19][info][info]:[===== End at 2021-04-29 10:15:19 =====]
[2021-04-29 10:15:20][info][info]:[===== Begin at 2021-04-29 10:15:20 =====]
[2021-04-29 10:15:20][info][info]:[param = Array
(
)
]
[2021-04-29 10:15:20][info][info]:[param = Array
(
)
]
[2021-04-29 10:15:20][info][info]:[===== End at 2021-04-29 10:15:20 =====]
[2021-04-29 10:15:21][info][info]:[===== Begin at 2021-04-29 10:15:21 =====]
[2021-04-29 10:15:21][info][info]:[param = Array
(
)
]
[2021-04-29 10:15:21][info][info]:[param = Array
(
)
]
[2021-04-29 10:15:21][info][info]:[===== End at 2021-04-29 10:15:21 =====]
[2021-04-29 10:15:22][info][info]:[===== Begin at 2021-04-29 10:15:22 =====]
[2021-04-29 10:15:22][info][info]:[param = Array
(
)
]
[2021-04-29 10:15:22][info][info]:[param = Array
(
)
]
[2021-04-29 10:15:22][info][info]:[===== End at 2021-04-29 10:15:22 =====]
[2021-04-29 10:15:23][info][info]:[===== Begin at 2021-04-29 10:15:23 =====]
[2021-04-29 10:15:23][info][info]:[param = Array
(
)
]
[2021-04-29 10:15:23][info][info]:[param = Array
(
)
]
[2021-04-29 10:15:23][info][info]:[===== End at 2021-04-29 10:15:23 =====]
[2021-04-29 10:15:24][info][info]:[===== Begin at 2021-04-29 10:15:24 =====]
[2021-04-29 10:15:24][info][info]:[param = Array
(
)
]
[2021-04-29 10:15:24][info][info]:[param = Array
(
)
]
[2021-04-29 10:15:24][info][info]:[===== End at 2021-04-29 10:15:24 =====]
[2021-04-29 10:15:25][info][info]:[===== Begin at 2021-04-29 10:15:25 =====]
[2021-04-29 10:15:25][info][info]:[param = Array
(
)
]
[2021-04-29 10:15:25][info][info]:[param = Array
(
)
]
[2021-04-29 10:15:25][info][info]:[===== End at 2021-04-29 10:15:25 =====]
[2021-04-29 10:15:26][info][info]:[===== Begin at 2021-04-29 10:15:26 =====]
[2021-04-29 10:15:26][info][info]:[param = Array
(
)
]
[2021-04-29 10:15:26][info][info]:[param = Array
(
)
]
[2021-04-29 10:15:26][info][info]:[===== End at 2021-04-29 10:15:26 =====]
[2021-04-29 10:15:27][info][info]:[===== Begin at 2021-04-29 10:15:27 =====]
[2021-04-29 10:15:27][info][info]:[param = Array
(
)
]
[2021-04-29 10:15:27][info][info]:[param = Array
(
)
]
[2021-04-29 10:15:27][info][info]:[===== End at 2021-04-29 10:15:27 =====]
[2021-04-29 10:15:28][info][info]:[===== Begin at 2021-04-29 10:15:28 =====]
[2021-04-29 10:15:28][info][info]:[param = Array
(
)
]
[2021-04-29 10:15:28][info][info]:[param = Array
(
)
]
[2021-04-29 10:15:28][info][info]:[===== End at 2021-04-29 10:15:28 =====]
[2021-04-29 10:15:29][info][info]:[===== Begin at 2021-04-29 10:15:29 =====]
[2021-04-29 10:15:29][info][info]:[param = Array
(
)
]
[2021-04-29 10:15:29][info][info]:[param = Array
(
)
]
[2021-04-29 10:15:29][info][info]:[===== End at 2021-04-29 10:15:29 =====]
[2021-04-29 10:15:30][info][info]:[===== Begin at 2021-04-29 10:15:30 =====]
[2021-04-29 10:15:30][info][info]:[param = Array
(
)
]
[2021-04-29 10:15:30][info][info]:[param = Array
(
)
]
[2021-04-29 10:15:30][info][info]:[===== End at 2021-04-29 10:15:30 =====]
[2021-04-29 10:15:31][info][info]:[===== Begin at 2021-04-29 10:15:31 =====]
[2021-04-29 10:15:31][info][info]:[param = Array
(
)
]
[2021-04-29 10:15:31][info][info]:[param = Array
(
)
]
[2021-04-29 10:15:31][info][info]:[===== End at 2021-04-29 10:15:31 =====]
[2021-04-29 10:15:32][info][info]:[===== Begin at 2021-04-29 10:15:32 =====]
[2021-04-29 10:15:32][info][info]:[param = Array
(
)
]
[2021-04-29 10:15:32][info][info]:[param = Array
(
)
]
[2021-04-29 10:15:32][info][info]:[===== End at 2021-04-29 10:15:32 =====]
[2021-04-29 10:15:33][info][info]:[===== Begin at 2021-04-29 10:15:33 =====]
[2021-04-29 10:15:33][info][info]:[param = Array
(
)
]
[2021-04-29 10:15:33][info][info]:[param = Array
(
)
]
[2021-04-29 10:15:33][info][info]:[===== End at 2021-04-29 10:15:33 =====]
[2021-04-29 10:15:34][info][info]:[===== Begin at 2021-04-29 10:15:34 =====]
[2021-04-29 10:15:34][info][info]:[param = Array
(
)
]
[2021-04-29 10:15:34][info][info]:[param = Array
(
)
]
[2021-04-29 10:15:34][info][info]:[===== End at 2021-04-29 10:15:34 =====]
[2021-04-29 10:15:35][info][info]:[===== Begin at 2021-04-29 10:15:35 =====]
[2021-04-29 10:15:35][info][info]:[param = Array
(
)
]
[2021-04-29 10:15:35][info][info]:[param = Array
(
)
]
[2021-04-29 10:15:35][info][info]:[===== End at 2021-04-29 10:15:35 =====]
[2021-04-29 10:15:36][info][info]:[===== Begin at 2021-04-29 10:15:36 =====]
[2021-04-29 10:15:36][info][info]:[param = Array
(
)
]
[2021-04-29 10:15:36][info][info]:[param = Array
(
)
]
[2021-04-29 10:15:36][info][info]:[===== End at 2021-04-29 10:15:36 =====]
[2021-04-29 10:15:37][info][info]:[===== Begin at 2021-04-29 10:15:37 =====]
[2021-04-29 10:15:37][info][info]:[param = Array
(
)
]
[2021-04-29 10:15:37][info][info]:[param = Array
(
)
]
[2021-04-29 10:15:37][info][info]:[===== End at 2021-04-29 10:15:37 =====]
[2021-04-29 10:15:38][info][info]:[===== Begin at 2021-04-29 10:15:38 =====]
[2021-04-29 10:15:38][info][info]:[param = Array
(
)
]
[2021-04-29 10:15:38][info][info]:[param = Array
(
)
]
[2021-04-29 10:15:38][info][info]:[===== End at 2021-04-29 10:15:38 =====]
[2021-04-29 10:15:39][info][info]:[===== Begin at 2021-04-29 10:15:39 =====]
[2021-04-29 10:15:39][info][info]:[param = Array
(
)
]
[2021-04-29 10:15:39][info][info]:[param = Array
(
)
]
[2021-04-29 10:15:39][info][info]:[===== End at 2021-04-29 10:15:39 =====]
[2021-04-29 10:15:40][info][info]:[===== Begin at 2021-04-29 10:15:40 =====]
[2021-04-29 10:15:40][info][info]:[param = Array
(
)
]
[2021-04-29 10:15:40][info][info]:[param = Array
(
)
]
[2021-04-29 10:15:40][info][info]:[===== End at 2021-04-29 10:15:40 =====]
[2021-04-29 10:15:41][info][info]:[===== Begin at 2021-04-29 10:15:41 =====]
[2021-04-29 10:15:41][info][info]:[param = Array
(
)
]
[2021-04-29 10:15:41][info][info]:[param = Array
(
)
]
[2021-04-29 10:15:41][info][info]:[===== End at 2021-04-29 10:15:41 =====]
[2021-04-29 10:15:42][info][info]:[===== Begin at 2021-04-29 10:15:42 =====]
[2021-04-29 10:15:42][info][info]:[param = Array
(
)
]
[2021-04-29 10:15:42][info][info]:[param = Array
(
)
]
[2021-04-29 10:15:42][info][info]:[===== End at 2021-04-29 10:15:42 =====]
[2021-04-29 10:15:43][info][info]:[===== Begin at 2021-04-29 10:15:43 =====]
[2021-04-29 10:15:43][info][info]:[param = Array
(
)
]
[2021-04-29 10:15:43][info][info]:[param = Array
(
)
]
[2021-04-29 10:15:43][info][info]:[===== End at 2021-04-29 10:15:43 =====]
[2021-04-29 10:15:53][info][info]:[===== Begin at 2021-04-29 10:15:53 =====]
[2021-04-29 10:15:53][info][info]:[param = Array
(
)
]
[2021-04-29 10:15:53][info][info]:[param = Array
(
)
]
[2021-04-29 10:15:53][info][info]:[===== End at 2021-04-29 10:15:53 =====]
[2021-04-29 10:15:54][info][info]:[===== Begin at 2021-04-29 10:15:54 =====]
[2021-04-29 10:15:54][info][info]:[param = Array
(
)
]
[2021-04-29 10:15:54][info][info]:[param = Array
(
)
]
[2021-04-29 10:15:54][info][info]:[===== End at 2021-04-29 10:15:54 =====]
[2021-04-29 10:15:55][info][info]:[===== Begin at 2021-04-29 10:15:55 =====]
[2021-04-29 10:15:55][info][info]:[param = Array
(
)
]
[2021-04-29 10:15:55][info][info]:[param = Array
(
)
]
[2021-04-29 10:15:55][info][info]:[===== End at 2021-04-29 10:15:55 =====]
[2021-04-29 10:15:56][info][info]:[===== Begin at 2021-04-29 10:15:56 =====]
[2021-04-29 10:15:56][info][info]:[param = Array
(
)
]
[2021-04-29 10:15:56][info][info]:[param = Array
(
)
]
[2021-04-29 10:15:56][info][info]:[===== End at 2021-04-29 10:15:56 =====]
[2021-04-29 10:15:57][info][info]:[===== Begin at 2021-04-29 10:15:57 =====]
[2021-04-29 10:15:57][info][info]:[param = Array
(
)
]
[2021-04-29 10:15:57][info][info]:[param = Array
(
)
]
[2021-04-29 10:15:57][info][info]:[===== End at 2021-04-29 10:15:57 =====]
[2021-04-29 10:15:58][info][info]:[===== Begin at 2021-04-29 10:15:58 =====]
[2021-04-29 10:15:58][info][info]:[param = Array
(
)
]
[2021-04-29 10:15:58][info][info]:[param = Array
(
)
]
[2021-04-29 10:15:58][info][info]:[===== End at 2021-04-29 10:15:58 =====]
[2021-04-29 10:15:59][info][info]:[===== Begin at 2021-04-29 10:15:59 =====]
[2021-04-29 10:15:59][info][info]:[param = Array
(
)
]
[2021-04-29 10:15:59][info][info]:[param = Array
(
)
]
[2021-04-29 10:15:59][info][info]:[===== End at 2021-04-29 10:15:59 =====]
[2021-04-29 10:16:00][info][info]:[===== Begin at 2021-04-29 10:16:00 =====]
[2021-04-29 10:16:00][info][info]:[param = Array
(
)
]
[2021-04-29 10:16:00][info][info]:[param = Array
(
)
]
[2021-04-29 10:16:00][info][info]:[===== End at 2021-04-29 10:16:00 =====]
[2021-04-29 10:16:01][info][info]:[===== Begin at 2021-04-29 10:16:01 =====]
[2021-04-29 10:16:01][info][info]:[param = Array
(
)
]
[2021-04-29 10:16:01][info][info]:[param = Array
(
)
]
[2021-04-29 10:16:01][info][info]:[===== End at 2021-04-29 10:16:01 =====]
[2021-04-29 10:16:02][info][info]:[===== Begin at 2021-04-29 10:16:02 =====]
[2021-04-29 10:16:02][info][info]:[param = Array
(
)
]
[2021-04-29 10:16:02][info][info]:[param = Array
(
)
]
[2021-04-29 10:16:02][info][info]:[===== End at 2021-04-29 10:16:02 =====]
[2021-04-29 10:16:03][info][info]:[===== Begin at 2021-04-29 10:16:03 =====]
[2021-04-29 10:16:03][info][info]:[param = Array
(
)
]
[2021-04-29 10:16:03][info][info]:[param = Array
(
)
]
[2021-04-29 10:16:03][info][info]:[===== End at 2021-04-29 10:16:03 =====]
[2021-04-29 10:16:04][info][info]:[===== Begin at 2021-04-29 10:16:04 =====]
[2021-04-29 10:16:04][info][info]:[param = Array
(
)
]
[2021-04-29 10:16:04][info][info]:[param = Array
(
)
]
[2021-04-29 10:16:04][info][info]:[===== End at 2021-04-29 10:16:04 =====]
[2021-04-29 10:16:05][info][info]:[===== Begin at 2021-04-29 10:16:05 =====]
[2021-04-29 10:16:05][info][info]:[param = Array
(
)
]
[2021-04-29 10:16:05][info][info]:[param = Array
(
)
]
[2021-04-29 10:16:05][info][info]:[===== End at 2021-04-29 10:16:05 =====]
[2021-04-29 10:16:06][info][info]:[===== Begin at 2021-04-29 10:16:06 =====]
[2021-04-29 10:16:06][info][info]:[param = Array
(
)
]
[2021-04-29 10:16:06][info][info]:[param = Array
(
)
]
[2021-04-29 10:16:06][info][info]:[===== End at 2021-04-29 10:16:06 =====]
[2021-04-29 10:16:07][info][info]:[===== Begin at 2021-04-29 10:16:07 =====]
[2021-04-29 10:16:07][info][info]:[param = Array
(
)
]
[2021-04-29 10:16:07][info][info]:[param = Array
(
)
]
[2021-04-29 10:16:07][info][info]:[===== End at 2021-04-29 10:16:07 =====]
[2021-04-29 10:16:08][info][info]:[===== Begin at 2021-04-29 10:16:08 =====]
[2021-04-29 10:16:08][info][info]:[param = Array
(
)
]
[2021-04-29 10:16:08][info][info]:[param = Array
(
)
]
[2021-04-29 10:16:08][info][info]:[===== End at 2021-04-29 10:16:08 =====]
[2021-04-29 10:16:09][info][info]:[===== Begin at 2021-04-29 10:16:09 =====]
[2021-04-29 10:16:09][info][info]:[param = Array
(
)
]
[2021-04-29 10:16:09][info][info]:[param = Array
(
)
]
[2021-04-29 10:16:09][info][info]:[===== End at 2021-04-29 10:16:09 =====]
[2021-04-29 10:16:10][info][info]:[===== Begin at 2021-04-29 10:16:10 =====]
[2021-04-29 10:16:10][info][info]:[param = Array
(
)
]
[2021-04-29 10:16:10][info][info]:[param = Array
(
)
]
[2021-04-29 10:16:10][info][info]:[===== End at 2021-04-29 10:16:10 =====]
[2021-04-29 10:16:11][info][info]:[===== Begin at 2021-04-29 10:16:11 =====]
[2021-04-29 10:16:11][info][info]:[param = Array
(
)
]
[2021-04-29 10:16:11][info][info]:[param = Array
(
)
]
[2021-04-29 10:16:11][info][info]:[===== End at 2021-04-29 10:16:11 =====]
[2021-04-29 10:16:12][info][info]:[===== Begin at 2021-04-29 10:16:12 =====]
[2021-04-29 10:16:12][info][info]:[param = Array
(
)
]
[2021-04-29 10:16:12][info][info]:[param = Array
(
)
]
[2021-04-29 10:16:12][info][info]:[===== End at 2021-04-29 10:16:12 =====]
[2021-04-29 10:16:13][info][info]:[===== Begin at 2021-04-29 10:16:13 =====]
[2021-04-29 10:16:13][info][info]:[param = Array
(
)
]
[2021-04-29 10:16:13][info][info]:[param = Array
(
)
]
[2021-04-29 10:16:13][info][info]:[===== End at 2021-04-29 10:16:13 =====]
[2021-04-29 10:16:14][info][info]:[===== Begin at 2021-04-29 10:16:14 =====]
[2021-04-29 10:16:14][info][info]:[param = Array
(
)
]
[2021-04-29 10:16:14][info][info]:[param = Array
(
)
]
[2021-04-29 10:16:14][info][info]:[===== End at 2021-04-29 10:16:14 =====]
[2021-04-29 10:16:15][info][info]:[===== Begin at 2021-04-29 10:16:15 =====]
[2021-04-29 10:16:15][info][info]:[param = Array
(
)
]
[2021-04-29 10:16:15][info][info]:[param = Array
(
)
]
[2021-04-29 10:16:15][info][info]:[===== End at 2021-04-29 10:16:15 =====]
[2021-04-29 10:16:16][info][info]:[===== Begin at 2021-04-29 10:16:16 =====]
[2021-04-29 10:16:16][info][info]:[param = Array
(
)
]
[2021-04-29 10:16:16][info][info]:[param = Array
(
)
]
[2021-04-29 10:16:16][info][info]:[===== End at 2021-04-29 10:16:16 =====]
[2021-04-29 10:16:17][info][info]:[===== Begin at 2021-04-29 10:16:17 =====]
[2021-04-29 10:16:17][info][info]:[param = Array
(
)
]
[2021-04-29 10:16:17][info][info]:[param = Array
(
)
]
[2021-04-29 10:16:17][info][info]:[===== End at 2021-04-29 10:16:17 =====]
[2021-04-29 10:16:18][info][info]:[===== Begin at 2021-04-29 10:16:18 =====]
[2021-04-29 10:16:18][info][info]:[param = Array
(
)
]
[2021-04-29 10:16:18][info][info]:[param = Array
(
)
]
[2021-04-29 10:16:18][info][info]:[===== End at 2021-04-29 10:16:18 =====]
[2021-04-29 10:16:19][info][info]:[===== Begin at 2021-04-29 10:16:19 =====]
[2021-04-29 10:16:19][info][info]:[param = Array
(
)
]
[2021-04-29 10:16:19][info][info]:[param = Array
(
)
]
[2021-04-29 10:16:19][info][info]:[===== End at 2021-04-29 10:16:19 =====]
[2021-04-29 10:16:20][info][info]:[===== Begin at 2021-04-29 10:16:20 =====]
[2021-04-29 10:16:20][info][info]:[param = Array
(
)
]
[2021-04-29 10:16:20][info][info]:[param = Array
(
)
]
[2021-04-29 10:16:20][info][info]:[===== End at 2021-04-29 10:16:20 =====]
[2021-04-29 10:16:21][info][info]:[===== Begin at 2021-04-29 10:16:21 =====]
[2021-04-29 10:16:21][info][info]:[param = Array
(
)
]
[2021-04-29 10:16:21][info][info]:[param = Array
(
)
]
[2021-04-29 10:16:21][info][info]:[===== End at 2021-04-29 10:16:21 =====]
[2021-04-29 10:16:22][info][info]:[===== Begin at 2021-04-29 10:16:22 =====]
[2021-04-29 10:16:22][info][info]:[param = Array
(
)
]
[2021-04-29 10:16:22][info][info]:[param = Array
(
)
]
[2021-04-29 10:16:22][info][info]:[===== End at 2021-04-29 10:16:22 =====]
