[2021-05-01 23:21:02][info][info]:[===== Begin at 2021-05-01 23:21:02 =====]
[2021-05-01 23:21:02][info][info]:[param = Array
(
    [0] => niubi
)
]
[2021-05-01 23:21:02][error][error]:[打印日志]
[2021-05-01 23:21:02][info][info]:[param = Array
(
    [0] => niubi
)
]
[2021-05-01 23:21:02][info][info]:[===== End at 2021-05-01 23:21:02 =====]
[2021-05-01 23:21:32][info][info]:[===== Begin at 2021-05-01 23:21:32 =====]
[2021-05-01 23:21:32][info][info]:[param = Array
(
    [0] => niubi
)
]
[2021-05-01 23:21:32][error][error]:[打印日志]
[2021-05-01 23:21:32][info][info]:[param = Array
(
    [0] => niubi
)
]
[2021-05-01 23:21:32][info][info]:[===== End at 2021-05-01 23:21:32 =====]
[2021-05-01 23:22:02][info][info]:[===== Begin at 2021-05-01 23:22:02 =====]
[2021-05-01 23:22:02][info][info]:[param = Array
(
    [0] => niubi
)
]
[2021-05-01 23:22:02][error][error]:[打印日志]
[2021-05-01 23:22:02][info][info]:[param = Array
(
    [0] => niubi
)
]
[2021-05-01 23:22:02][info][info]:[===== End at 2021-05-01 23:22:02 =====]
